<?xml version="1.0" encoding="UTF-8"?>
<!-- Generated by org.testng.reporters.JUnitReportReporter -->
<testsuite skipped="0" hostname="DESKTOP-LLLGMOJ" name="testngPrograms.ActiTimeLoginWithAssertCondition" tests="2" failures="0" timestamp="2022-01-12T20:06:00 IST" time="18.506" errors="0">
  <testcase name="openBroserAndLogin" time="11.801" classname="testngPrograms.ActiTimeLoginWithAssertCondition"/>
  <system-out/>
  <testcase name="logoutAndClose" time="6.705" classname="testngPrograms.ActiTimeLoginWithAssertCondition"/>
  <system-out/>
</testsuite> <!-- testngPrograms.ActiTimeLoginWithAssertCondition -->
