<?xml version="1.0" encoding="UTF-8"?>
<!-- Generated by org.testng.reporters.JUnitReportReporter -->
<testsuite skipped="0" hostname="DESKTOP-LLLGMOJ" name="switching.HandlingAlerts" tests="1" failures="0" timestamp="2022-01-15T20:13:08 IST" time="14.125" errors="0">
  <testcase name="testAlerts" time="14.125" classname="switching.HandlingAlerts"/>
  <system-out/>
</testsuite> <!-- switching.HandlingAlerts -->
