<?xml version="1.0" encoding="UTF-8"?>
<!-- Generated by org.testng.reporters.JUnitReportReporter -->
<testsuite skipped="0" hostname="DESKTOP-LLLGMOJ" name="testngPrograms.GroupExamples" tests="3" failures="0" timestamp="2022-01-12T20:33:56 IST" time="0.012" errors="0">
  <testcase name="testCaseOne" time="0.002" classname="testngPrograms.GroupExamples"/>
  <system-out/>
  <testcase name="testCaseTwo" time="0.001" classname="testngPrograms.GroupExamples"/>
  <system-out/>
  <testcase name="testCaseFour" time="0.009" classname="testngPrograms.GroupExamples"/>
  <system-out/>
</testsuite> <!-- testngPrograms.GroupExamples -->
