<?xml version="1.0" encoding="UTF-8"?>
<!-- Generated by org.testng.reporters.JUnitReportReporter -->
<testsuite skipped="0" hostname="DESKTOP-LLLGMOJ" name="switching.WindowHandling" tests="1" failures="0" timestamp="2022-01-18T19:59:26 IST" time="10.267" errors="0">
  <testcase name="testWindow" time="10.267" classname="switching.WindowHandling"/>
  <system-out/>
</testsuite> <!-- switching.WindowHandling -->
