<?xml version="1.0" encoding="UTF-8"?>
<!-- Generated by org.testng.reporters.JUnitReportReporter -->
<testsuite skipped="0" hostname="DESKTOP-LLLGMOJ" name="testngsamples.SampleTesting" tests="1" failures="0" timestamp="2022-01-10T19:46:12 IST" time="0.008" errors="0">
  <testcase name="testCase1" time="0.008" classname="testngsamples.SampleTesting"/>
  <system-out/>
</testsuite> <!-- testngsamples.SampleTesting -->
