<?xml version="1.0" encoding="UTF-8"?>
<!-- Generated by org.testng.reporters.JUnitReportReporter -->
<testsuite skipped="0" hostname="DESKTOP-LLLGMOJ" name="ddt.TestActitimeWithExcelData" tests="1" failures="0" timestamp="2022-01-20T19:44:14 IST" time="14.170" errors="0">
  <testcase name="testPosition" time="14.170" classname="ddt.TestActitimeWithExcelData"/>
  <system-out/>
</testsuite> <!-- ddt.TestActitimeWithExcelData -->
