<?xml version="1.0" encoding="UTF-8"?>
<!-- Generated by org.testng.reporters.JUnitReportReporter -->
<testsuite skipped="0" hostname="DESKTOP-LLLGMOJ" name="testngPrograms.ActiTimeLoginWithClassLevelAnnotation" tests="2" failures="0" timestamp="2022-01-11T20:23:24 IST" time="16.482" errors="0">
  <testcase name="tc1_openBroserAndLogin" time="10.238" classname="testngPrograms.ActiTimeLoginWithClassLevelAnnotation"/>
  <system-out/>
  <testcase name="tc2_logoutAndClose" time="6.244" classname="testngPrograms.ActiTimeLoginWithClassLevelAnnotation"/>
  <system-out/>
</testsuite> <!-- testngPrograms.ActiTimeLoginWithClassLevelAnnotation -->
