<?xml version="1.0" encoding="UTF-8"?>
<!-- Generated by org.testng.reporters.JUnitReportReporter -->
<testsuite skipped="0" hostname="DESKTOP-LLLGMOJ" name="testngsamples.SampleTesting2" tests="1" failures="0" timestamp="2022-01-10T19:47:32 IST" time="0.009" errors="0">
  <testcase name="testCase1" time="0.009" classname="testngsamples.SampleTesting2"/>
  <system-out/>
</testsuite> <!-- testngsamples.SampleTesting2 -->
