<?xml version="1.0" encoding="UTF-8"?>
<!-- Generated by org.testng.reporters.JUnitReportReporter -->
<testsuite skipped="0" hostname="DESKTOP-LLLGMOJ" name="assignments.Demoblaze" tests="1" failures="0" timestamp="2022-01-13T23:13:28 IST" time="8.887" errors="0">
  <testcase name="openBroserAndLogin" time="8.887" classname="assignments.Demoblaze"/>
  <system-out/>
</testsuite> <!-- assignments.Demoblaze -->
