<?xml version="1.0" encoding="UTF-8"?>
<!-- Generated by org.testng.reporters.JUnitReportReporter -->
<testsuite skipped="0" hostname="DESKTOP-LLLGMOJ" name="ddt.TestDate" tests="1" failures="0" timestamp="2022-01-21T19:17:53 IST" time="0.039" errors="0">
  <testcase name="getDate" time="0.039" classname="ddt.TestDate"/>
  <system-out/>
</testsuite> <!-- ddt.TestDate -->
