<?xml version="1.0" encoding="UTF-8"?>
<!-- Generated by org.testng.reporters.JUnitReportReporter -->
<testsuite skipped="0" hostname="DESKTOP-LLLGMOJ" name="assignments.ActitimeTask" tests="2" failures="0" timestamp="2022-01-13T22:55:35 IST" time="31.587" errors="0">
  <testcase name="createTaskAndVerify" time="26.162" classname="assignments.ActitimeTask"/>
  <system-out/>
  <testcase name="deleteTaskAndVerify" time="5.425" classname="assignments.ActitimeTask"/>
  <system-out/>
</testsuite> <!-- assignments.ActitimeTask -->
