<?xml version="1.0" encoding="UTF-8"?>
<!-- Generated by org.testng.reporters.JUnitReportReporter -->
<testsuite skipped="0" hostname="DESKTOP-LLLGMOJ" name="testngsamples.Parameterization" tests="2" failures="0" timestamp="2022-01-21T19:35:43 IST" time="14.236" errors="0">
  <testcase name="testLoginOfVtiger" time="14.227" classname="testngsamples.Parameterization"/>
  <system-out/>
  <testcase name="testCaseOne" time="0.009" classname="testngsamples.Parameterization"/>
  <system-out/>
</testsuite> <!-- testngsamples.Parameterization -->
