<?xml version="1.0" encoding="UTF-8"?>
<!-- Generated by org.testng.reporters.JUnitReportReporter -->
<testsuite skipped="0" hostname="DESKTOP-LLLGMOJ" name="ddt.ExcelReading" tests="1" failures="0" timestamp="2022-01-19T20:05:32 IST" time="0.558" errors="0">
  <testcase name="createNewExcelFile" time="0.558" classname="ddt.ExcelReading"/>
  <system-out/>
</testsuite> <!-- ddt.ExcelReading -->
