<?xml version="1.0" encoding="UTF-8"?>
<!-- Generated by org.testng.reporters.JUnitReportReporter -->
<testsuite skipped="0" hostname="DESKTOP-LLLGMOJ" name="testngPrograms.LoginTestCaseWithPriority" tests="3" failures="0" timestamp="2022-01-12T20:06:00 IST" time="0.004" errors="0">
  <testcase name="loginWithValidUser" time="0.002" classname="testngPrograms.LoginTestCaseWithPriority"/>
  <system-out/>
  <testcase name="loginWithInValidUser" time="0.001" classname="testngPrograms.LoginTestCaseWithPriority"/>
  <system-out/>
  <testcase name="loginWithEmpty" time="0.001" classname="testngPrograms.LoginTestCaseWithPriority"/>
  <system-out/>
</testsuite> <!-- testngPrograms.LoginTestCaseWithPriority -->
