<?xml version="1.0" encoding="UTF-8"?>
<!-- Generated by org.testng.reporters.JUnitReportReporter -->
<testsuite skipped="1" hostname="DESKTOP-LLLGMOJ" name="testngPrograms.LoginTestCaseWithEnable" tests="2" failures="0" timestamp="2022-01-12T20:06:00 IST" time="0.001" errors="0">
  <testcase name="loginWithValidUser" time="0.001" classname="testngPrograms.LoginTestCaseWithEnable"/>
  <system-out/>
  <testcase name="createTask" classname="testngPrograms.LoginTestCaseWithEnable">
    <skipped/>
  </testcase> <!-- createTask -->
  <system-out/>
</testsuite> <!-- testngPrograms.LoginTestCaseWithEnable -->
