<?xml version="1.0" encoding="UTF-8"?>
<!-- Generated by org.testng.reporters.JUnitReportReporter -->
<testsuite skipped="0" hostname="DESKTOP-LLLGMOJ" name="testngsamples.DataProviderExample" tests="3" failures="0" timestamp="2022-01-21T19:28:03 IST" time="36.399" errors="0">
  <testcase name="testLoginOfVtiger" time="17.296" classname="testngsamples.DataProviderExample"/>
  <system-out/>
  <testcase name="testLoginOfVtiger" time="10.184" classname="testngsamples.DataProviderExample"/>
  <system-out/>
  <testcase name="testLoginOfVtiger" time="8.919" classname="testngsamples.DataProviderExample"/>
  <system-out/>
</testsuite> <!-- testngsamples.DataProviderExample -->
