<?xml version="1.0" encoding="UTF-8"?>
<!-- Generated by org.testng.reporters.JUnitReportReporter -->
<testsuite skipped="1" hostname="DESKTOP-LLLGMOJ" name="testngPrograms.AllAttributesInOne" tests="2" failures="0" timestamp="2022-01-10T20:26:06 IST" time="0.012" errors="0">
  <testcase name="loginWithValidUser" time="0.012" classname="testngPrograms.AllAttributesInOne"/>
  <system-out/>
  <testcase name="createTask" classname="testngPrograms.AllAttributesInOne">
    <skipped/>
  </testcase> <!-- createTask -->
  <system-out/>
</testsuite> <!-- testngPrograms.AllAttributesInOne -->
