<?xml version="1.0" encoding="UTF-8"?>
<!-- Generated by org.testng.reporters.JUnitReportReporter -->
<testsuite skipped="0" hostname="DESKTOP-LLLGMOJ" name="testngPrograms.SampleTesting" tests="1" failures="0" timestamp="2022-01-12T20:06:00 IST" time="0.001" errors="0">
  <testcase name="testCase1" time="0.001" classname="testngPrograms.SampleTesting"/>
  <system-out/>
</testsuite> <!-- testngPrograms.SampleTesting -->
