<?xml version="1.0" encoding="UTF-8"?>
<!-- Generated by org.testng.reporters.JUnitReportReporter -->
<testsuite skipped="0" hostname="DESKTOP-LLLGMOJ" name="assignments.GoogleSearch" tests="3" failures="0" timestamp="2022-01-14T00:12:32 IST" time="30.499" errors="0">
  <testcase name="getAllSuggestions" time="10.628" classname="assignments.GoogleSearch"/>
  <system-out/>
  <testcase name="selectRequiredSuggestion" time="10.317" classname="assignments.GoogleSearch"/>
  <system-out/>
  <testcase name="googleSearch" time="9.554" classname="assignments.GoogleSearch"/>
  <system-out/>
</testsuite> <!-- assignments.GoogleSearch -->
