<?xml version="1.0" encoding="UTF-8"?>
<!-- Generated by org.testng.reporters.JUnitReportReporter -->
<testsuite skipped="0" hostname="DESKTOP-LLLGMOJ" name="assignments.GsmArenaPagination" tests="1" failures="0" timestamp="2022-01-13T23:56:32 IST" time="47.773" errors="0">
  <testcase name="getAllDeviceName" time="47.773" classname="assignments.GsmArenaPagination"/>
  <system-out/>
</testsuite> <!-- assignments.GsmArenaPagination -->
