<?xml version="1.0" encoding="UTF-8"?>
<!-- Generated by org.testng.reporters.JUnitReportReporter -->
<testsuite skipped="0" hostname="DESKTOP-LLLGMOJ" name="testngPrograms.GoogleApplicationWithBeforeAfterTest" tests="2" failures="0" timestamp="2022-01-12T20:06:00 IST" time="2.460" errors="0">
  <testcase name="testGoogleLandingPage" time="0.092" classname="testngPrograms.GoogleApplicationWithBeforeAfterTest"/>
  <system-out/>
  <testcase name="testSearch" time="2.368" classname="testngPrograms.GoogleApplicationWithBeforeAfterTest"/>
  <system-out/>
</testsuite> <!-- testngPrograms.GoogleApplicationWithBeforeAfterTest -->
