<?xml version="1.0" encoding="UTF-8"?>
<!-- Generated by org.testng.reporters.JUnitReportReporter -->
<testsuite skipped="0" hostname="DESKTOP-LLLGMOJ" name="switching.HandlingFrames" tests="1" failures="0" timestamp="2022-01-15T20:36:08 IST" time="11.527" errors="0">
  <testcase name="testFrames" time="11.527" classname="switching.HandlingFrames"/>
  <system-out/>
</testsuite> <!-- switching.HandlingFrames -->
