<?xml version="1.0" encoding="UTF-8"?>
<!-- Generated by org.testng.reporters.JUnitReportReporter -->
<testsuite skipped="0" hostname="DESKTOP-LLLGMOJ" name="switching.ActiveElement" tests="1" failures="0" timestamp="2022-01-15T19:41:31 IST" time="8.508" errors="0">
  <testcase name="testGoogleSearch" time="8.508" classname="switching.ActiveElement"/>
  <system-out/>
</testsuite> <!-- switching.ActiveElement -->
