<?xml version="1.0" encoding="UTF-8"?>
<!-- Generated by org.testng.reporters.JUnitReportReporter -->
<testsuite skipped="0" hostname="DESKTOP-LLLGMOJ" name="assignments.ActitimeTaskWithFunction" tests="2" failures="0" timestamp="2022-01-17T08:22:40 IST" time="28.200" errors="0">
  <testcase name="createTaskAndVerify" time="22.804" classname="assignments.ActitimeTaskWithFunction"/>
  <system-out/>
  <testcase name="deleteTaskAndVerify" time="5.396" classname="assignments.ActitimeTaskWithFunction"/>
  <system-out/>
</testsuite> <!-- assignments.ActitimeTaskWithFunction -->
