<?xml version="1.0" encoding="UTF-8"?>
<!-- Generated by org.testng.reporters.JUnitReportReporter -->
<testsuite skipped="0" hostname="DESKTOP-LLLGMOJ" name="testngPrograms.GoogleApplicationWithBeforeAfterMethod" tests="2" failures="0" timestamp="2022-01-12T20:06:00 IST" time="14.188" errors="0">
  <testcase name="testGoogleLandingPage" time="4.635" classname="testngPrograms.GoogleApplicationWithBeforeAfterMethod"/>
  <system-out/>
  <testcase name="testSearch" time="9.553" classname="testngPrograms.GoogleApplicationWithBeforeAfterMethod"/>
  <system-out/>
</testsuite> <!-- testngPrograms.GoogleApplicationWithBeforeAfterMethod -->
