<?xml version="1.0" encoding="UTF-8"?>
<!-- Generated by org.testng.reporters.JUnitReportReporter -->
<testsuite skipped="0" hostname="DESKTOP-LLLGMOJ" name="testngPrograms.ActiTimeLogin" tests="2" failures="0" timestamp="2022-01-12T20:06:00 IST" time="15.518" errors="0">
  <testcase name="openBroserAndLogin" time="9.377" classname="testngPrograms.ActiTimeLogin"/>
  <system-out/>
  <testcase name="logoutAndClose" time="6.141" classname="testngPrograms.ActiTimeLogin"/>
  <system-out/>
</testsuite> <!-- testngPrograms.ActiTimeLogin -->
