<?xml version="1.0" encoding="UTF-8"?>
<!-- Generated by org.testng.reporters.JUnitReportReporter -->
<testsuite skipped="0" hostname="DESKTOP-LLLGMOJ" name="testngPrograms.Demoblaze" tests="1" failures="0" timestamp="2022-01-12T19:10:02 IST" time="6.987" errors="0">
  <testcase name="openBroserAndLogin" time="6.987" classname="testngPrograms.Demoblaze"/>
  <system-out/>
</testsuite> <!-- testngPrograms.Demoblaze -->
