<?xml version="1.0" encoding="UTF-8"?>
<!-- Generated by org.testng.reporters.JUnitReportReporter -->
<testsuite skipped="0" hostname="DESKTOP-LLLGMOJ" name="testngPrograms.TaskVerification" tests="1" failures="0" timestamp="2022-01-13T20:46:25 IST" time="29.212" errors="0">
  <testcase name="taskCreate" time="29.212" classname="testngPrograms.TaskVerification"/>
  <system-out/>
</testsuite> <!-- testngPrograms.TaskVerification -->
