<?xml version="1.0" encoding="UTF-8"?>
<!-- Generated by org.testng.reporters.JUnitReportReporter -->
<testsuite skipped="0" hostname="DESKTOP-LLLGMOJ" name="testngPrograms.GoogleApplicationWithBeforeAfterTestMethod" tests="2" failures="0" timestamp="2022-01-12T20:06:00 IST" time="7.543" errors="0">
  <testcase name="testSearch" time="5.604" classname="testngPrograms.GoogleApplicationWithBeforeAfterTestMethod"/>
  <system-out/>
  <testcase name="testGoogleLandingPage" time="1.939" classname="testngPrograms.GoogleApplicationWithBeforeAfterTestMethod"/>
  <system-out/>
</testsuite> <!-- testngPrograms.GoogleApplicationWithBeforeAfterTestMethod -->
