<?xml version="1.0" encoding="UTF-8"?>
<!-- Generated by org.testng.reporters.JUnitReportReporter -->
<testsuite hostname="DESKTOP-LLLGMOJ" name="sampletest.TestCode" tests="1" failures="0" timestamp="22 Jan 2022 14:27:15 GMT" time="5.361" errors="0">
  <testcase name="testCase" time="5.361" classname="sampletest.TestCode"/>
</testsuite> <!-- sampletest.TestCode -->
