<?xml version="1.0" encoding="UTF-8"?>
<!-- Generated by org.testng.reporters.JUnitReportReporter -->
<testsuite hostname="DESKTOP-LLLGMOJ" name="sampletest.testActitimeTaskWithFunction" tests="2" failures="0" timestamp="22 Jan 2022 14:27:15 GMT" time="30.094" errors="0">
  <testcase name="testdeleteTaskAndVerify" time="5.302" classname="sampletest.testActitimeTaskWithFunction"/>
  <testcase name="testcreateTaskAndVerify" time="24.792" classname="sampletest.testActitimeTaskWithFunction"/>
</testsuite> <!-- sampletest.testActitimeTaskWithFunction -->
