<?xml version="1.0" encoding="UTF-8"?>
<!-- Generated by org.testng.reporters.JUnitReportReporter -->
<testsuite hostname="DESKTOP-LLLGMOJ" name="testscripts.TestLeadsPage" tests="1" failures="0" timestamp="21 Dec 2021 03:04:41 GMT" time="21.135" errors="0">
  <testcase name="testLeadCreation" time="21.135" classname="testscripts.TestLeadsPage"/>
</testsuite> <!-- testscripts.TestLeadsPage -->
