<?xml version="1.0" encoding="UTF-8"?>
<!-- Generated by org.testng.reporters.JUnitReportReporter -->
<testsuite hostname="DESKTOP-LLLGMOJ" name="testscripts.TestLoginPage" tests="1" failures="0" timestamp="21 Dec 2021 03:04:11 GMT" time="12.357" errors="0">
  <testcase name="testVtigerLogin" time="12.357" classname="testscripts.TestLoginPage"/>
</testsuite> <!-- testscripts.TestLoginPage -->
