<?xml version="1.0" encoding="UTF-8"?>
<!-- Generated by org.testng.reporters.JUnitReportReporter -->
<testsuite skipped="0" hostname="DESKTOP-LLLGMOJ" name="testscripts.TestBrowserStackSetup" tests="2" failures="0" timestamp="2021-10-26T21:17:08 IST" time="4.235" errors="0">
  <testcase name="test_navigate_to_homepage_click_on_getstarted" time="3.741" classname="testscripts.TestBrowserStackSetup"/>
  <system-out/>
  <testcase name="test_enter_userDetails" time="0.494" classname="testscripts.TestBrowserStackSetup"/>
  <system-out/>
</testsuite> <!-- testscripts.TestBrowserStackSetup -->
