<?xml version="1.0" encoding="UTF-8"?>
<!-- Generated by org.testng.reporters.JUnitReportReporter -->
<testsuite skipped="0" hostname="DESKTOP-LLLGMOJ" name="testscripts.BrowserStackSetup" tests="2" failures="0" timestamp="2021-10-26T21:14:20 IST" time="3.789" errors="0">
  <testcase name="navigate_to_homepage_click_on_getstarted" time="3.238" classname="testscripts.BrowserStackSetup"/>
  <system-out/>
  <testcase name="enter_userDetails" time="0.551" classname="testscripts.BrowserStackSetup"/>
  <system-out/>
</testsuite> <!-- testscripts.BrowserStackSetup -->
