<?xml version="1.0" encoding="UTF-8"?>
<!-- Generated by org.testng.reporters.JUnitReportReporter -->
<testsuite hostname="DESKTOP-LLLGMOJ" name="runner.TestRunner" tests="3" failures="0" timestamp="24 Dec 2021 02:45:32 GMT" time="30.448" errors="0">
  <testcase name="runScenario" time="9.667" classname="runner.TestRunner"/>
  <testcase name="runScenario" time="10.927" classname="runner.TestRunner"/>
  <testcase name="runScenario" time="9.854" classname="runner.TestRunner"/>
</testsuite> <!-- runner.TestRunner -->
