<?xml version="1.0" encoding="UTF-8"?>
<!-- Generated by org.testng.reporters.JUnitReportReporter -->
<testsuite skipped="0" hostname="DESKTOP-LLLGMOJ" name="testscripts.TestLoginPage" tests="1" failures="0" timestamp="2021-12-18T10:12:10 IST" time="12.263" errors="0">
  <testcase name="testVtigerLogin" time="12.263" classname="testscripts.TestLoginPage"/>
  <system-out/>
</testsuite> <!-- testscripts.TestLoginPage -->
