<?xml version="1.0" encoding="UTF-8"?>
<!-- Generated by org.testng.reporters.JUnitReportReporter -->
<testsuite skipped="0" hostname="DESKTOP-LLLGMOJ" name="testrunner.Runner" tests="3" failures="0" timestamp="2022-01-26T20:48:05 IST" time="65.337" errors="0">
  <testcase name="runScenario" time="21.053" classname="testrunner.Runner"/>
  <system-out/>
  <testcase name="runScenario" time="23.827" classname="testrunner.Runner"/>
  <system-out/>
  <testcase name="runScenario" time="20.457" classname="testrunner.Runner"/>
  <system-out/>
</testsuite> <!-- testrunner.Runner -->
