<?xml version="1.0" encoding="UTF-8"?>
<!-- Generated by org.testng.reporters.JUnitReportReporter -->
<testsuite skipped="0" hostname="DESKTOP-LLLGMOJ" name="sampletest.testActitimeTaskWithFunction" tests="2" failures="0" timestamp="2022-01-22T19:45:04 IST" time="97.225" errors="0">
  <testcase name="testdeleteTaskAndVerify" time="5.897" classname="sampletest.testActitimeTaskWithFunction"/>
  <system-out/>
  <testcase name="testcreateTaskAndVerify" time="91.328" classname="sampletest.testActitimeTaskWithFunction"/>
  <system-out/>
</testsuite> <!-- sampletest.testActitimeTaskWithFunction -->
