<?xml version="1.0" encoding="UTF-8"?>
<!-- Generated by org.testng.reporters.JUnitReportReporter -->
<testsuite skipped="0" hostname="DESKTOP-LLLGMOJ" name="extentReport.ExtentDemo" tests="1" failures="0" timestamp="2022-01-25T19:57:23 IST" time="4.693" errors="0">
  <testcase name="extentReportsDemo" time="4.693" classname="extentReport.ExtentDemo"/>
  <system-out/>
</testsuite> <!-- extentReport.ExtentDemo -->
