<?xml version="1.0" encoding="UTF-8"?>
<!-- Generated by org.testng.reporters.JUnitReportReporter -->
<testsuite skipped="0" hostname="DESKTOP-LLLGMOJ" name="sampletest.TestCode" tests="1" failures="0" timestamp="2022-01-22T19:38:40 IST" time="0.009" errors="0">
  <testcase name="testCase" time="0.009" classname="sampletest.TestCode"/>
  <system-out/>
</testsuite> <!-- sampletest.TestCode -->
